markellekelly - 3581
endobj - 1337
blog - 622
flatedecode - 474
subtype - 386
endstream - 368
vnminin - 328
annot - 294
rect - 294
fantastic - 184
obliged - 143
stevt - 126
fontdescriptor - 84
facile - 81
xobject - 69
extgstate - 67
saic - 63
anomalous - 57
fontbbox - 52
ixfilehandle - 52
xmpmm - 48
ridecars - 45
basefont - 44
homepage - 43
capheight - 42
fontname - 42
italicangle - 42
stemv - 42
xheight - 42
bbox - 42
logit - 41
firstchar - 41
lastchar - 41
procset - 40
bibtex - 39
gosub - 39
ridecar - 39
pubstate - 39
tppubtype - 39
residences - 37
xinv - 37
inproceedings - 36
targets - 35
parapsychologists - 35
applause - 34
psan - 34
ptex - 34
hfootnote - 34
psinthon - 33
instanceid - 32
null - 31
viewers - 31
prev - 30
colorspace - 30
dejavusans - 30
parenleft - 30
parenright - 30
ganzfeld - 30
charset - 29
stref - 29
schemers - 29
fontfile - 29
sarrafzadeh - 29
igoldsteinh - 29
ridenour - 28
mundo - 28
flaws - 26
thomans - 26
aira - 26
compact - 25
claim - 25
pmwiki - 25
neat - 25
timespent - 25
shivaj - 25
blocklists - 24
xxxx - 24
viewer - 24
mediabox - 24
pmcheck - 24
thankies - 24
midterm - 23
annots - 23
llvm - 23
parapsychological - 22
hyphen - 22
adipisicing - 22
eiusmod - 22
tempor - 22
incididunt - 22
labore - 22
dolore - 22
aliqua - 22
judge - 22
wishlist - 22
departures - 22
dbeta - 22
logy - 22
booktitle - 21
commander - 21
varchar - 21
kriebel - 21
grandeur - 21
pmichaud - 20
jsur - 20
softwareagent - 20
departing - 20
santorini - 20
jmeter - 20
alspaugh - 20
edtc - 20
spectr - 20
fevdatabugs - 20
config - 19
defaultpasswords - 19
flasza - 19
fulkerson - 19
inquiry - 19
phenomenon - 19
covert - 19
isci - 19
articulator - 19
gracias - 19
muchos - 19
demonstrated - 18
ullman - 18
functioning - 18
eurographics - 18
devicergb - 18
kastner - 18
puneet - 18
conditions - 17
mehrotra - 17
attr - 17
fmtpv - 17
sections - 17
steampowered - 17
bandb - 17
waitqueue - 17
condo - 17
xtildeinv - 17
pagelist - 16
imagec - 16
arraylist - 16
formtype - 16
trinary - 16
midspace - 16
herkersdorf - 16
zonetrace - 16
vlsid - 16
enrole - 16
quantile - 15
feedfmt - 15
myvar - 15
tiff - 15
judges - 15
xcode - 15
fabflix - 15
norchip - 15
ethanol - 15
notive - 15
filter - 14
consistency - 14
hours - 14
dolev - 14
operational - 14
pmcrypt - 14
trimbox - 14
originaldocumentid - 14
raincheck - 14
syst - 14
shlomi - 14
solis - 14
ieeebiography - 14
kolson - 14
linearregression - 14
codeanddata - 14
timekidney - 14
structparents - 13
lang - 13
craps - 13
emptycarcounter - 13
exitstrategy - 13
ortega - 13
tablescan - 13
hobbes - 13
noun - 13
decline - 13
maxwidth - 13
mgpff - 13
fidelius - 13
también - 13
icshp - 13
kyoungwoo - 13
samplesize - 13
mlrg - 13
keynote - 12
chapter - 12
trailindexpage - 12
defaultname - 12
squelch - 12
sankofa - 12
olson - 12
verbal - 12
compsci - 12
stype - 12
creationdate - 12
reliably - 12
swapping - 12
datetime - 12
leavenworth - 12
carcapacity - 12
currcars - 12
ridename - 12
customerresults - 12
attractionresults - 12
maxtime - 12
mintime - 12
pajarola - 12
orchestration - 12
icps - 12
snmp - 12
indexscan - 12
getnexttuple - 12
rightin - 12
tomcattest - 12
tokenizer - 12
singhal - 12
arkhipov - 12
aces - 12
logarithm - 12
inputfile - 12
pingpong - 12
maine - 12
inductees - 12
panettone - 12
jantsch - 12
ehealth - 12
icvd - 12
aboulhamid - 12
mostapha - 12
bergamaschi - 12
reinaldo - 12
estmed - 12
gottscho - 12
samplesizeproportions - 12
lawful - 12
october - 11
cheap - 11
protocol - 11
enablenotify - 11
variablename - 11
polyx - 11
deliveries - 11
hostname - 11
hayes - 11
materiality - 11
weyns - 11
trimdroid - 11
icgse - 11
yung - 11
namedtuple - 11
namedtuples - 11
donghui - 11
hitting - 11
wafer - 11
ditto - 11
tablename - 11
getattributes - 11
attrs - 11
michaelwbh - 11
infodict - 11
pagenumber - 11
imageb - 11
imagei - 11
zendstream - 11
payroll - 11
ogrenci - 11
memik - 11
zarate - 11
ztilde - 11
glades - 11
affiliated - 10
matter - 10
prerequisites - 10
obvious - 10
static - 10
cookbook - 10
authid - 10
uploadextsize - 10
uploadprefixfmt - 10
mailpostsdelay - 10
minim - 10
veniam - 10
nostrud - 10
exercitation - 10
ullamco - 10
laboris - 10
nisi - 10
aliquip - 10
